<?xml version="1.0" encoding="UTF-8"?>
<coverage generated="1667394007812" clover="3.2.0">
  <project timestamp="1667394007812" name="All files">
    <metrics statements="23" coveredstatements="23" conditionals="2" coveredconditionals="2" methods="1" coveredmethods="1" elements="26" coveredelements="26" complexity="0" loc="23" ncloc="23" packages="2" files="3" classes="3"/>
    <package name="constants">
      <metrics statements="4" coveredstatements="4" conditionals="0" coveredconditionals="0" methods="0" coveredmethods="0"/>
      <file name="duration.ts" path="/Users/ashaji/Downloads/GB Tech Challenge/lib/constants/duration.ts">
        <metrics statements="1" coveredstatements="1" conditionals="0" coveredconditionals="0" methods="0" coveredmethods="0"/>
        <line num="1" count="1" type="stmt"/>
      </file>
      <file name="trackTypes.ts" path="/Users/ashaji/Downloads/GB Tech Challenge/lib/constants/trackTypes.ts">
        <metrics statements="3" coveredstatements="3" conditionals="0" coveredconditionals="0" methods="0" coveredmethods="0"/>
        <line num="1" count="1" type="stmt"/>
        <line num="2" count="1" type="stmt"/>
        <line num="3" count="1" type="stmt"/>
      </file>
    </package>
    <package name="utils">
      <metrics statements="19" coveredstatements="19" conditionals="2" coveredconditionals="2" methods="1" coveredmethods="1"/>
      <file name="extractTracksFromDialog.ts" path="/Users/ashaji/Downloads/GB Tech Challenge/lib/utils/extractTracksFromDialog.ts">
        <metrics statements="19" coveredstatements="19" conditionals="2" coveredconditionals="2" methods="1" coveredmethods="1"/>
        <line num="1" count="1" type="stmt"/>
        <line num="2" count="1" type="stmt"/>
        <line num="12" count="1" type="stmt"/>
        <line num="17" count="4" type="stmt"/>
        <line num="18" count="4" type="stmt"/>
        <line num="20" count="4" type="stmt"/>
        <line num="21" count="9" type="stmt"/>
        <line num="22" count="9" type="stmt"/>
        <line num="23" count="9" type="stmt"/>
        <line num="25" count="9" type="stmt"/>
        <line num="27" count="9" type="cond" truecount="1" falsecount="0"/>
        <line num="28" count="6" type="stmt"/>
        <line num="31" count="9" type="stmt"/>
        <line num="33" count="9" type="stmt"/>
        <line num="36" count="4" type="stmt"/>
        <line num="38" count="4" type="cond" truecount="1" falsecount="0"/>
        <line num="39" count="4" type="stmt"/>
        <line num="42" count="4" type="stmt"/>
        <line num="48" count="4" type="stmt"/>
      </file>
    </package>
  </project>
</coverage>
