{"/Users/ashaji/Downloads/GB Tech Challenge/lib/constants/duration.ts": {"path":"/Users/ashaji/Downloads/GB Tech Challenge/lib/constants/duration.ts","statementMap":{"0":{"start":{"line":1,"column":13},"end":{"line":1,"column":39}}},"fnMap":{},"branchMap":{},"s":{"0":1},"f":{},"b":{}}
,"/Users/ashaji/Downloads/GB Tech Challenge/lib/constants/trackTypes.ts": {"path":"/Users/ashaji/Downloads/GB Tech Challenge/lib/constants/trackTypes.ts","statementMap":{"0":{"start":{"line":1,"column":13},"end":{"line":1,"column":40}},"1":{"start":{"line":2,"column":13},"end":{"line":2,"column":41}},"2":{"start":{"line":3,"column":13},"end":{"line":3,"column":39}}},"fnMap":{},"branchMap":{},"s":{"0":1,"1":1,"2":1},"f":{},"b":{}}
,"/Users/ashaji/Downloads/GB Tech Challenge/lib/utils/extractTracksFromDialog.ts": {"path":"/Users/ashaji/Downloads/GB Tech Challenge/lib/utils/extractTracksFromDialog.ts","statementMap":{"0":{"start":{"line":1,"column":0},"end":{"line":1,"column":61}},"1":{"start":{"line":2,"column":0},"end":{"line":2,"column":62}},"2":{"start":{"line":12,"column":39},"end":{"line":49,"column":1}},"3":{"start":{"line":17,"column":16},"end":{"line":17,"column":38}},"4":{"start":{"line":18,"column":19},"end":{"line":18,"column":39}},"5":{"start":{"line":20,"column":2},"end":{"line":34,"column":null}},"6":{"start":{"line":21,"column":23},"end":{"line":21,"column":68}},"7":{"start":{"line":22,"column":19},"end":{"line":22,"column":66}},"8":{"start":{"line":23,"column":21},"end":{"line":23,"column":64}},"9":{"start":{"line":25,"column":6},"end":{"line":25,"column":96}},"10":{"start":{"line":27,"column":4},"end":{"line":29,"column":null}},"11":{"start":{"line":28,"column":6},"end":{"line":28,"column":32}},"12":{"start":{"line":31,"column":4},"end":{"line":31,"column":75}},"13":{"start":{"line":33,"column":4},"end":{"line":33,"column":26}},"14":{"start":{"line":36,"column":27},"end":{"line":36,"column":75}},"15":{"start":{"line":38,"column":2},"end":{"line":40,"column":null}},"16":{"start":{"line":39,"column":4},"end":{"line":39,"column":39}},"17":{"start":{"line":42,"column":2},"end":{"line":46,"column":5}},"18":{"start":{"line":48,"column":2},"end":{"line":48,"column":40}},"19":{"start":{"line":12,"column":13},"end":{"line":12,"column":39}}},"fnMap":{"0":{"name":"(anonymous_0)","decl":{"start":{"line":12,"column":39},"end":{"line":12,"column":null}},"loc":{"start":{"line":16,"column":24},"end":{"line":49,"column":1}}}},"branchMap":{"0":{"loc":{"start":{"line":27,"column":4},"end":{"line":29,"column":null}},"type":"if","locations":[{"start":{"line":27,"column":4},"end":{"line":29,"column":null}}]},"1":{"loc":{"start":{"line":38,"column":2},"end":{"line":40,"column":null}},"type":"if","locations":[{"start":{"line":38,"column":2},"end":{"line":40,"column":null}}]}},"s":{"0":1,"1":1,"2":1,"3":4,"4":4,"5":4,"6":9,"7":9,"8":9,"9":9,"10":9,"11":6,"12":9,"13":9,"14":4,"15":4,"16":4,"17":4,"18":4,"19":1},"f":{"0":4},"b":{"0":[6],"1":[4]}}
}
