TN:
SF:lib/constants/duration.ts
FNF:0
FNH:0
DA:1,1
LF:1
LH:1
BRF:0
BRH:0
end_of_record
TN:
SF:lib/constants/trackTypes.ts
FNF:0
FNH:0
DA:1,1
DA:2,1
DA:3,1
LF:3
LH:3
BRF:0
BRH:0
end_of_record
TN:
SF:lib/utils/extractTracksFromDialog.ts
FN:12,(anonymous_0)
FNF:1
FNH:1
FNDA:4,(anonymous_0)
DA:1,1
DA:2,1
DA:12,1
DA:17,4
DA:18,4
DA:20,4
DA:21,9
DA:22,9
DA:23,9
DA:25,9
DA:27,9
DA:28,6
DA:31,9
DA:33,9
DA:36,4
DA:38,4
DA:39,4
DA:42,4
DA:48,4
LF:19
LH:19
BRDA:27,0,0,6
BRDA:38,1,0,4
BRF:2
BRH:2
end_of_record
